[2025-09-05T10:53:15.094Z] - {"senderID":"61575999835460","amount":2000,"threadID":"2391150447948650","senderName":"Thanh Nghia","createdAt":1757069540450,"status":"completed","turnsAdded":2,"totalTurns":2,"transaction_id":"FT25248078349351"}
[2025-09-05T10:58:25.586Z] - {"senderID":"61575999835460","amount":2000,"threadID":"2391150447948650","senderName":"Thanh Nghia","createdAt":1757069870374,"status":"completed","turnsAdded":2,"totalTurns":4,"transaction_id":"FT25248022001408"}
[2025-09-05T11:07:15.211Z] - {"senderID":"61575999835460","amount":2000,"threadID":"2391150447948650","senderName":"Thanh Nghia","createdAt":1757070391713,"status":"completed","turnsAdded":2,"totalTurns":6,"transaction_id":"FT25248358059611"}
[2025-09-05T11:09:35.399Z] - {"senderID":"61578042586955","amount":2000,"threadID":"2391150447948650","senderName":"Gia Khánh Ho","createdAt":1757070515945,"status":"completed","turnsAdded":2,"totalTurns":2,"transaction_id":"FT25248810517078"}
[2025-09-05T11:56:39.055Z] - {"senderID":"100054148230493","amount":2000,"threadID":"2391150447948650","senderName":"Ngân Vũ","createdAt":1757073326357,"status":"completed","turnsAdded":2,"totalTurns":2,"transaction_id":"FT25248008283028"}
[2025-09-05T12:53:41.883Z] - {"senderID":"61575999835460","amount":2000,"threadID":"2391150447948650","senderName":"Thanh Nghia","createdAt":1757076788054,"status":"completed","turnsAdded":2,"totalTurns":10,"transaction_id":"FT25248953888208"}
[2025-09-05T12:57:11.555Z] - {"senderID":"61575999835460","amount":5000,"threadID":"2391150447948650","senderName":"Thanh Nghia","createdAt":1757077001532,"status":"completed","turnsAdded":5,"totalTurns":15,"transaction_id":"FT25248781103889"}
[2025-09-05T13:00:00.393Z] - {"senderID":"61575999835460","amount":5000,"threadID":"2391150447948650","senderName":"Thanh Nghia","createdAt":1757077173102,"status":"completed","turnsAdded":5,"totalTurns":20,"transaction_id":"FT25248428093705"}
[2025-09-05T15:22:13.401Z] - {"senderID":"61575999835460","amount":3000,"threadID":"2391150447948650","senderName":"Thanh Nghia","createdAt":1757085701073,"status":"completed","turnsAdded":3,"totalTurns":6,"transaction_id":"FT25249420377063"}
[2025-09-05T15:22:13.432Z] - {"senderID":"61575999835460","amount":3000,"threadID":"2391150447948650","senderName":"Thanh Nghia","createdAt":1757085701073,"status":"completed","turnsAdded":3,"totalTurns":9,"transaction_id":"FT25249420377063"}
[2025-09-05T15:22:13.479Z] - {"senderID":"61575999835460","amount":3000,"threadID":"2391150447948650","senderName":"Thanh Nghia","createdAt":1757085701073,"status":"completed","turnsAdded":3,"totalTurns":12,"transaction_id":"FT25249420377063"}
[2025-09-05T15:22:13.526Z] - {"senderID":"61575999835460","amount":3000,"threadID":"2391150447948650","senderName":"Thanh Nghia","createdAt":1757085701073,"status":"completed","turnsAdded":3,"totalTurns":15,"transaction_id":"FT25249420377063"}
[2025-09-05T15:26:25.971Z] - {"senderID":"61575999835460","amount":5000,"threadID":"2391150447948650","senderName":"Thanh Nghia","createdAt":1757085957549,"status":"completed","turnsAdded":5,"totalTurns":20,"transaction_id":"FT25249058297781"}
[2025-09-06T08:59:33.132Z] - {"senderID":"61578042586955","amount":10000,"threadID":"2391150447948650","senderName":"Gia Khánh Ho","createdAt":1757149114284,"status":"completed","turnsAdded":10,"totalTurns":5017,"transaction_id":"FT25249872059454"}
[2025-09-07T03:07:13.772Z] - {"senderID":"61579075555668","amount":2000,"threadID":"1335285238158304","senderName":"User 61579075555668","createdAt":1757214324402,"status":"completed","turnsAdded":2,"totalTurns":2,"transaction_id":"FT25251195732661"}
[2025-09-07T03:07:13.820Z] - {"senderID":"61579075555668","amount":2000,"threadID":"1335285238158304","senderName":"User 61579075555668","createdAt":1757214324402,"status":"completed","turnsAdded":2,"totalTurns":4,"transaction_id":"FT25251195732661"}
[2025-09-07T03:09:10.717Z] - {"senderID":"61575999835460","amount":2000,"threadID":"1312643743750665","senderName":"Thanh Nghia","createdAt":1757214514399,"status":"completed","turnsAdded":2,"totalTurns":17,"transaction_id":"FT25251877549163"}
[2025-09-07T03:10:10.729Z] - {"senderID":"61575999835460","amount":3000,"threadID":"1312643743750665","senderName":"Thanh Nghia","createdAt":1757214588762,"status":"completed","turnsAdded":3,"totalTurns":3,"transaction_id":"FT25251024786553"}
[2025-09-07T03:34:51.334Z] - {"senderID":"100080953616589","amount":2000,"threadID":"1335285238158304","senderName":"User 100080953616589","createdAt":1757215935441,"status":"completed","turnsAdded":2,"totalTurns":2,"transaction_id":"FT25251096512600"}
[2025-09-07T12:49:58.915Z] - {"senderID":"61575999835460","amount":2000,"threadID":"1312643743750665","senderName":"Thanh Nghia","createdAt":1757249359728,"status":"completed","turnsAdded":2,"totalTurns":5,"transaction_id":"FT25251650404082"}
[2025-09-07T12:52:18.849Z] - {"senderID":"61575999835460","amount":2000,"threadID":"1312643743750665","senderName":"Thanh Nghia","createdAt":1757249511600,"status":"completed","turnsAdded":2,"totalTurns":9,"transaction_id":"FT25251502371209"}
[2025-09-08T12:13:03.758Z] - {"senderID":"100045902749127","amount":5000,"threadID":"1335285238158304","senderName":"Minh Trường","createdAt":1757333523949,"transaction_id":"FT25251059051629"}
[2025-09-08T14:47:48.776Z] - {"senderID":"100080953616589","amount":5000,"threadID":"1335285238158304","senderName":"Thái Gia Kiệt","createdAt":1757342791948,"transaction_id":"FT25251980597846"}
[2025-09-12T05:17:59.413Z] - {"senderID":"61579075555668","amount":2000,"threadID":"1335285238158304","senderName":"Nhật Khang","createdAt":1757654154919,"transaction_id":"FT25255795237048"}
[2025-09-12T10:47:59.601Z] - {"senderID":"61578042586955","amount":100000,"threadID":"1838336283754940","senderName":"Gia Khánh Ho","createdAt":1757673927086,"transaction_id":"FT25255569024308"}
[2025-09-16T04:07:56.434Z] - {"senderID":"100080953616589","amount":5000,"threadID":"1335285238158304","senderName":"Thái Gia Kiệt","createdAt":1757995541783,"transaction_id":"FT25259109820990"}
[2025-09-16T10:49:44.697Z] - {"senderID":"61569837667084","amount":2000,"threadID":"1335285238158304","senderName":"Phúc Danh","createdAt":1758019734559,"transaction_id":"FT25259094840649"}
[2025-09-19T02:26:38.080Z] - {"senderID":"100040341785173","amount":2000,"threadID":"1335285238158304","senderName":"Huy Hoàng","createdAt":1758248726243,"transaction_id":"FT25262314059253"}
[2025-09-19T06:27:38.461Z] - {"senderID":"61568945352137","amount":30000,"threadID":"1335285238158304","senderName":"Nguyễn Thiết","createdAt":1758263131105,"transaction_id":"FT25262658300673"}
[2025-09-20T14:07:05.318Z] - {"senderID":"61568945352137","amount":5000,"threadID":"1335285238158304","senderName":"Nguyễn Thiết","createdAt":1758377054549,"transaction_id":"FT25263078651885"}
[2025-09-20T14:41:51.381Z] - {"senderID":"100092148847539","amount":5000,"threadID":"1335285238158304","senderName":"Ngo Tien Thanh","createdAt":1758379237501,"transaction_id":"FT25263799021894"}
[2025-09-20T15:51:05.223Z] - {"senderID":"100067664696315","amount":2000,"threadID":"1335285238158304","senderName":"Hưng Huỳnh","createdAt":1758383402956,"transaction_id":"FT25265819963907"}
